<?xml version="1.0" encoding="UTF-8"?>
<!-- Generated by org.testng.reporters.JUnitReportReporter -->
<testsuite skipped="0" hostname="ojt8-PC" name="driverFactory.AppTest" tests="1" failures="0" timestamp="23 Sep 2019 07:42:52 GMT" time="16.684" errors="0">
  <testcase name="kickStart" time="16.684" classname="driverFactory.AppTest"/>
</testsuite> <!-- driverFactory.AppTest -->
